<?xml version="1.0" encoding="UTF-8"?>
<!-- Generated by org.testng.reporters.JUnitReportReporter -->
<testsuite hostname="MDS-WIN-PC01" failures="0" tests="4" name="testLayer.LoginTest" time="51.616" errors="0" timestamp="2023-09-06T08:54:42 EDT" skipped="0">
  <testcase classname="testLayer.LoginTest" name="Title" time="16.204"/>
  <testcase classname="testLayer.LoginTest" name="Login" time="10.881"/>
  <testcase classname="testLayer.LoginTest" name="Login" time="13.423"/>
  <testcase classname="testLayer.LoginTest" name="Login" time="11.108"/>
</testsuite> <!-- testLayer.LoginTest -->
