<?xml version="1.0" encoding="UTF-8"?>
<!-- Generated by org.testng.reporters.JUnitReportReporter -->
<testsuite hostname="MDS-WIN-PC01" failures="0" tests="4" name="testLayer.LoginTest" time="49.791" errors="0" timestamp="2023-09-05T22:52:26 EDT" skipped="0">
  <testcase classname="testLayer.LoginTest" name="Title" time="14.030"/>
  <testcase classname="testLayer.LoginTest" name="Login" time="11.821"/>
  <testcase classname="testLayer.LoginTest" name="Login" time="11.178"/>
  <testcase classname="testLayer.LoginTest" name="Login" time="12.762"/>
</testsuite> <!-- testLayer.LoginTest -->
